
xv6 kernel is booting

hart 2 starting
hart 1 starting
init: starting sh
$ mp2_2
# Before sbrk(PGSIZE * 2)
page table 0x0000000087f57000
├── 0: pte=0x0000000087f57000 va=0x0000000000000000 pa=0x0000000087f53000 V
│   └── 0: pte=0x0000000087f53000 va=0x0000000000000000 pa=0x0000000087f52000 V
│       ├── 0: pte=0x0000000087f52000 va=0x0000000000000000 pa=0x0000000087f54000 V R W X U
│       ├── 1: pte=0x0000000087f52008 va=0x0000000000001000 pa=0x0000000087f51000 V R W X
│       └── 2: pte=0x0000000087f52010 va=0x0000000000002000 pa=0x0000000087f50000 V R W X U
└── 255: pte=0x0000000087f577f8 va=0x0000003fc0000000 pa=0x0000000087f56000 V
    └── 511: pte=0x0000000087f56ff8 va=0x0000003fffe00000 pa=0x0000000087f55000 V
        ├── 510: pte=0x0000000087f55ff0 va=0x0000003fffffe000 pa=0x0000000087f65000 V R W
        └── 511: pte=0x0000000087f55ff8 va=0x0000003ffffff000 pa=0x0000000080007000 V R X

# After sbrk(PGSIZE * 2)
page table 0x0000000087f57000
├── 0: pte=0x0000000087f57000 va=0x0000000000000000 pa=0x0000000087f53000 V
│   └── 0: pte=0x0000000087f53000 va=0x0000000000000000 pa=0x0000000087f52000 V
│       ├── 0: pte=0x0000000087f52000 va=0x0000000000000000 pa=0x0000000087f54000 V R W X U
│       ├── 1: pte=0x0000000087f52008 va=0x0000000000001000 pa=0x0000000087f51000 V R W X
│       └── 2: pte=0x0000000087f52010 va=0x0000000000002000 pa=0x0000000087f50000 V R W X U
└── 255: pte=0x0000000087f577f8 va=0x0000003fc0000000 pa=0x0000000087f56000 V
    └── 511: pte=0x0000000087f56ff8 va=0x0000003fffe00000 pa=0x0000000087f55000 V
        ├── 510: pte=0x0000000087f55ff0 va=0x0000003fffffe000 pa=0x0000000087f65000 V R W
        └── 511: pte=0x0000000087f55ff8 va=0x0000003ffffff000 pa=0x0000000080007000 V R X

# After sbrk(-PGSIZE * 2)
page table 0x0000000087f57000
├── 0: pte=0x0000000087f57000 va=0x0000000000000000 pa=0x0000000087f53000 V
│   └── 0: pte=0x0000000087f53000 va=0x0000000000000000 pa=0x0000000087f52000 V
│       ├── 0: pte=0x0000000087f52000 va=0x0000000000000000 pa=0x0000000087f54000 V R W X U
│       ├── 1: pte=0x0000000087f52008 va=0x0000000000001000 pa=0x0000000087f51000 V R W X
│       └── 2: pte=0x0000000087f52010 va=0x0000000000002000 pa=0x0000000087f50000 V R W X U
└── 255: pte=0x0000000087f577f8 va=0x0000003fc0000000 pa=0x0000000087f56000 V
    └── 511: pte=0x0000000087f56ff8 va=0x0000003fffe00000 pa=0x0000000087f55000 V
        ├── 510: pte=0x0000000087f55ff0 va=0x0000003fffffe000 pa=0x0000000087f65000 V R W
        └── 511: pte=0x0000000087f55ff8 va=0x0000003ffffff000 pa=0x0000000080007000 V R X

# After sbrk(PGSIZE * 2) again
page table 0x0000000087f57000
├── 0: pte=0x0000000087f57000 va=0x0000000000000000 pa=0x0000000087f53000 V
│   └── 0: pte=0x0000000087f53000 va=0x0000000000000000 pa=0x0000000087f52000 V
│       ├── 0: pte=0x0000000087f52000 va=0x0000000000000000 pa=0x0000000087f54000 V R W X U
│       ├── 1: pte=0x0000000087f52008 va=0x0000000000001000 pa=0x0000000087f51000 V R W X
│       └── 2: pte=0x0000000087f52010 va=0x0000000000002000 pa=0x0000000087f50000 V R W X U
└── 255: pte=0x0000000087f577f8 va=0x0000003fc0000000 pa=0x0000000087f56000 V
    └── 511: pte=0x0000000087f56ff8 va=0x0000003fffe00000 pa=0x0000000087f55000 V
        ├── 510: pte=0x0000000087f55ff0 va=0x0000003fffffe000 pa=0x0000000087f65000 V R W
        └── 511: pte=0x0000000087f55ff8 va=0x0000003ffffff000 pa=0x0000000080007000 V R X

# After page fault at 0x0000000000004000
page table 0x0000000087f57000
├── 0: pte=0x0000000087f57000 va=0x0000000000000000 pa=0x0000000087f53000 V
│   └── 0: pte=0x0000000087f53000 va=0x0000000000000000 pa=0x0000000087f52000 V
│       ├── 0: pte=0x0000000087f52000 va=0x0000000000000000 pa=0x0000000087f54000 V R W X U
│       ├── 1: pte=0x0000000087f52008 va=0x0000000000001000 pa=0x0000000087f51000 V R W X
│       ├── 2: pte=0x0000000087f52010 va=0x0000000000002000 pa=0x0000000087f50000 V R W X U
│       └── 4: pte=0x0000000087f52020 va=0x0000000000004000 pa=0x0000000087f58000 V R W X U
└── 255: pte=0x0000000087f577f8 va=0x0000003fc0000000 pa=0x0000000087f56000 V
    └── 511: pte=0x0000000087f56ff8 va=0x0000003fffe00000 pa=0x0000000087f55000 V
        ├── 510: pte=0x0000000087f55ff0 va=0x0000003fffffe000 pa=0x0000000087f65000 V R W
        └── 511: pte=0x0000000087f55ff8 va=0x0000003ffffff000 pa=0x0000000080007000 V R X

# After sbrk(-PGSIZE * 2) again
page table 0x0000000087f57000
├── 0: pte=0x0000000087f57000 va=0x0000000000000000 pa=0x0000000087f53000 V
│   └── 0: pte=0x0000000087f53000 va=0x0000000000000000 pa=0x0000000087f52000 V
│       ├── 0: pte=0x0000000087f52000 va=0x0000000000000000 pa=0x0000000087f54000 V R W X U
│       ├── 1: pte=0x0000000087f52008 va=0x0000000000001000 pa=0x0000000087f51000 V R W X
│       └── 2: pte=0x0000000087f52010 va=0x0000000000002000 pa=0x0000000087f50000 V R W X U
└── 255: pte=0x0000000087f577f8 va=0x0000003fc0000000 pa=0x0000000087f56000 V
    └── 511: pte=0x0000000087f56ff8 va=0x0000003fffe00000 pa=0x0000000087f55000 V
        ├── 510: pte=0x0000000087f55ff0 va=0x0000003fffffe000 pa=0x0000000087f65000 V R W
        └── 511: pte=0x0000000087f55ff8 va=0x0000003ffffff000 pa=0x0000000080007000 V R X
$ qemu-system-riscv64: terminating on signal 15 from pid 13164 (make)
